<?xml version="1.0" encoding="UTF-8"?>
<!-- Generated by org.testng.reporters.JUnitReportReporter -->
<testsuite hostname="DESKTOP-73VT5SL" failures="0" tests="1" name="test.Tests" time="27.254" errors="0" timestamp="2023-07-27T19:29:43 IST" skipped="0">
  <testcase classname="test.Tests" name="transaction" time="27.254"/>
  <system-out/>
</testsuite> <!-- test.Tests -->
