<?xml version="1.0" encoding="UTF-8"?>
<!-- Generated by org.testng.reporters.JUnitReportReporter -->
<testsuite hostname="DESKTOP-73VT5SL" failures="0" tests="2" name="test.Tests" time="433.605" errors="0" timestamp="2023-07-25T19:35:55 IST" skipped="0">
  <testcase classname="test.Tests" name="signUp" time="191.622"/>
  <system-out/>
  <testcase classname="test.Tests" name="createBanchAndMember" time="241.983"/>
  <system-out/>
</testsuite> <!-- test.Tests -->
