<?xml version="1.0" encoding="UTF-8"?>
<!-- Generated by org.testng.reporters.JUnitReportReporter -->
<testsuite hostname="DESKTOP-73VT5SL" failures="0" tests="1" name="test.Tests" time="49.952" errors="0" timestamp="2023-08-01T14:51:53 IST" skipped="0">
  <testcase classname="test.Tests" name="transaction" time="49.952"/>
  <system-out/>
</testsuite> <!-- test.Tests -->
