<?xml version="1.0" encoding="UTF-8"?>
<!-- Generated by org.testng.reporters.JUnitReportReporter -->
<testsuite hostname="DESKTOP-73VT5SL" failures="0" tests="2" name="test.Tests" time="109.053" errors="0" timestamp="2023-07-21T10:51:46 IST" skipped="1">
  <testcase classname="test.Tests" name="createBanchAndMember" time="109.053"/>
  <system-out/>
  <testcase classname="test.Tests" name="login">
    <skipped/>
  </testcase> <!-- login -->
  <system-out/>
</testsuite> <!-- test.Tests -->
